[04-11-2009, 08:52:09] >>  Deleting file: ../projects/example01/php/Empty_file.html filetodel example01/php/Empty_file.html
[04-11-2009, 08:53:17] >>  Deleting file: ../projects/garbarino/folder0/Empty_file.js filetodel garbarino/folder0/Empty_file.js
[04-11-2009, 09:03:24] >>  Deleting file: ../projects/example01/php/lines.html filetodel example01/php/lines.html
[04-11-2009, 09:07:00] >>  Deleting file: ../projects/example01/php/Uploader.php filetodel example01/php/Uploader.php
[05-11-2009, 11:57:52] >>  0e108bbb6b9f1351edc69ebcc9c74b4c ------- 0e108bbb6b9f1351edc69ebcc9c74b4c
[05-11-2009, 11:57:52] >>  0e108bbb6b9f1351edc69ebcc9c74b4c ------- 0e108bbb6b9f1351edc69ebcc9c74b4c
[05-11-2009, 11:58:05] >>  e2df7e3e30211f82b860e1de076ab887 ------- e2df7e3e30211f82b860e1de076ab887
[05-11-2009, 11:58:16] >>  e2df7e3e30211f82b860e1de076ab887 ------- e2df7e3e30211f82b860e1de076ab887
[05-11-2009, 11:58:21] >>  0e108bbb6b9f1351edc69ebcc9c74b4c ------- 0e108bbb6b9f1351edc69ebcc9c74b4c
[05-11-2009, 11:58:46] >>  e2df7e3e30211f82b860e1de076ab887 ------- e2df7e3e30211f82b860e1de076ab887
[05-11-2009, 11:58:52] >>  0e108bbb6b9f1351edc69ebcc9c74b4c ------- 0e108bbb6b9f1351edc69ebcc9c74b4c
[05-11-2009, 11:59:16] >>  e2df7e3e30211f82b860e1de076ab887 ------- e2df7e3e30211f82b860e1de076ab887
[05-11-2009, 12:01:46] >>  e2df7e3e30211f82b860e1de076ab887 ------- e2df7e3e30211f82b860e1de076ab887
[05-11-2009, 12:02:16] >>  e2df7e3e30211f82b860e1de076ab887 ------- e2df7e3e30211f82b860e1de076ab887
[05-11-2009, 12:02:30] >>  e2df7e3e30211f82b860e1de076ab887 ------- e2df7e3e30211f82b860e1de076ab887
[05-11-2009, 12:02:51] >>  0e108bbb6b9f1351edc69ebcc9c74b4c ------- 0e108bbb6b9f1351edc69ebcc9c74b4c
[05-11-2009, 12:02:52] >>  0e108bbb6b9f1351edc69ebcc9c74b4c ------- 0e108bbb6b9f1351edc69ebcc9c74b4c
[05-11-2009, 12:03:01] >>  e2df7e3e30211f82b860e1de076ab887 ------- e2df7e3e30211f82b860e1de076ab887
[05-11-2009, 12:03:16] >>  e2df7e3e30211f82b860e1de076ab887 ------- e2df7e3e30211f82b860e1de076ab887
[05-11-2009, 12:03:46] >>  e2df7e3e30211f82b860e1de076ab887 ------- e2df7e3e30211f82b860e1de076ab887
[05-11-2009, 12:04:16] >>  e2df7e3e30211f82b860e1de076ab887 ------- e2df7e3e30211f82b860e1de076ab887
[05-11-2009, 12:04:46] >>  e2df7e3e30211f82b860e1de076ab887 ------- e2df7e3e30211f82b860e1de076ab887
[05-11-2009, 12:05:16] >>  e2df7e3e30211f82b860e1de076ab887 ------- e2df7e3e30211f82b860e1de076ab887
[05-11-2009, 12:05:46] >>  e2df7e3e30211f82b860e1de076ab887 ------- e2df7e3e30211f82b860e1de076ab887
[05-11-2009, 12:06:16] >>  e2df7e3e30211f82b860e1de076ab887 ------- e2df7e3e30211f82b860e1de076ab887
[05-11-2009, 12:06:46] >>  e2df7e3e30211f82b860e1de076ab887 ------- e2df7e3e30211f82b860e1de076ab887
[05-11-2009, 12:07:16] >>  e2df7e3e30211f82b860e1de076ab887 ------- e2df7e3e30211f82b860e1de076ab887
[05-11-2009, 12:07:46] >>  e2df7e3e30211f82b860e1de076ab887 ------- e2df7e3e30211f82b860e1de076ab887
[05-11-2009, 12:08:16] >>  e2df7e3e30211f82b860e1de076ab887 ------- e2df7e3e30211f82b860e1de076ab887
[05-11-2009, 12:08:46] >>  e2df7e3e30211f82b860e1de076ab887 ------- e2df7e3e30211f82b860e1de076ab887
[05-11-2009, 12:09:16] >>  e2df7e3e30211f82b860e1de076ab887 ------- e2df7e3e30211f82b860e1de076ab887
[05-11-2009, 12:09:46] >>  e2df7e3e30211f82b860e1de076ab887 ------- e2df7e3e30211f82b860e1de076ab887
[05-11-2009, 12:10:16] >>  e2df7e3e30211f82b860e1de076ab887 ------- e2df7e3e30211f82b860e1de076ab887
[05-11-2009, 12:10:46] >>  e2df7e3e30211f82b860e1de076ab887 ------- e2df7e3e30211f82b860e1de076ab887
[05-11-2009, 12:11:16] >>  e2df7e3e30211f82b860e1de076ab887 ------- e2df7e3e30211f82b860e1de076ab887
[05-11-2009, 12:11:46] >>  e2df7e3e30211f82b860e1de076ab887 ------- e2df7e3e30211f82b860e1de076ab887
[05-11-2009, 12:12:16] >>  e2df7e3e30211f82b860e1de076ab887 ------- e2df7e3e30211f82b860e1de076ab887
[05-11-2009, 12:12:46] >>  e2df7e3e30211f82b860e1de076ab887 ------- e2df7e3e30211f82b860e1de076ab887
[05-11-2009, 12:13:16] >>  e2df7e3e30211f82b860e1de076ab887 ------- e2df7e3e30211f82b860e1de076ab887
[05-11-2009, 12:13:46] >>  e2df7e3e30211f82b860e1de076ab887 ------- e2df7e3e30211f82b860e1de076ab887
[05-11-2009, 12:14:16] >>  e2df7e3e30211f82b860e1de076ab887 ------- e2df7e3e30211f82b860e1de076ab887
[05-11-2009, 12:14:46] >>  e2df7e3e30211f82b860e1de076ab887 ------- e2df7e3e30211f82b860e1de076ab887
[05-11-2009, 12:15:16] >>  e2df7e3e30211f82b860e1de076ab887 ------- e2df7e3e30211f82b860e1de076ab887
[05-11-2009, 12:15:46] >>  e2df7e3e30211f82b860e1de076ab887 ------- e2df7e3e30211f82b860e1de076ab887
[05-11-2009, 12:16:16] >>  e2df7e3e30211f82b860e1de076ab887 ------- e2df7e3e30211f82b860e1de076ab887
[05-11-2009, 12:16:46] >>  e2df7e3e30211f82b860e1de076ab887 ------- e2df7e3e30211f82b860e1de076ab887
[05-11-2009, 12:17:16] >>  e2df7e3e30211f82b860e1de076ab887 ------- e2df7e3e30211f82b860e1de076ab887
[05-11-2009, 12:17:46] >>  e2df7e3e30211f82b860e1de076ab887 ------- e2df7e3e30211f82b860e1de076ab887
[05-11-2009, 12:18:16] >>  e2df7e3e30211f82b860e1de076ab887 ------- e2df7e3e30211f82b860e1de076ab887
[05-11-2009, 12:18:46] >>  e2df7e3e30211f82b860e1de076ab887 ------- e2df7e3e30211f82b860e1de076ab887
[05-11-2009, 12:19:16] >>  e2df7e3e30211f82b860e1de076ab887 ------- e2df7e3e30211f82b860e1de076ab887
[05-11-2009, 12:19:46] >>  e2df7e3e30211f82b860e1de076ab887 ------- e2df7e3e30211f82b860e1de076ab887
[05-11-2009, 12:20:16] >>  e2df7e3e30211f82b860e1de076ab887 ------- e2df7e3e30211f82b860e1de076ab887
[05-11-2009, 12:20:46] >>  e2df7e3e30211f82b860e1de076ab887 ------- e2df7e3e30211f82b860e1de076ab887
[05-11-2009, 12:21:16] >>  e2df7e3e30211f82b860e1de076ab887 ------- e2df7e3e30211f82b860e1de076ab887
[05-11-2009, 12:21:46] >>  e2df7e3e30211f82b860e1de076ab887 ------- e2df7e3e30211f82b860e1de076ab887
[05-11-2009, 12:22:16] >>  e2df7e3e30211f82b860e1de076ab887 ------- e2df7e3e30211f82b860e1de076ab887
[05-11-2009, 12:22:46] >>  e2df7e3e30211f82b860e1de076ab887 ------- e2df7e3e30211f82b860e1de076ab887
[05-11-2009, 12:23:16] >>  e2df7e3e30211f82b860e1de076ab887 ------- e2df7e3e30211f82b860e1de076ab887
[05-11-2009, 12:23:46] >>  e2df7e3e30211f82b860e1de076ab887 ------- e2df7e3e30211f82b860e1de076ab887
[05-11-2009, 12:24:16] >>  e2df7e3e30211f82b860e1de076ab887 ------- e2df7e3e30211f82b860e1de076ab887
[05-11-2009, 12:24:46] >>  e2df7e3e30211f82b860e1de076ab887 ------- e2df7e3e30211f82b860e1de076ab887
[05-11-2009, 12:25:16] >>  e2df7e3e30211f82b860e1de076ab887 ------- e2df7e3e30211f82b860e1de076ab887
[05-11-2009, 12:25:46] >>  e2df7e3e30211f82b860e1de076ab887 ------- e2df7e3e30211f82b860e1de076ab887
[05-11-2009, 12:26:16] >>  e2df7e3e30211f82b860e1de076ab887 ------- e2df7e3e30211f82b860e1de076ab887
[05-11-2009, 12:26:46] >>  e2df7e3e30211f82b860e1de076ab887 ------- e2df7e3e30211f82b860e1de076ab887
[05-11-2009, 12:27:16] >>  e2df7e3e30211f82b860e1de076ab887 ------- e2df7e3e30211f82b860e1de076ab887
[05-11-2009, 12:27:46] >>  e2df7e3e30211f82b860e1de076ab887 ------- e2df7e3e30211f82b860e1de076ab887
[05-11-2009, 12:28:16] >>  e2df7e3e30211f82b860e1de076ab887 ------- e2df7e3e30211f82b860e1de076ab887
[05-11-2009, 12:28:46] >>  e2df7e3e30211f82b860e1de076ab887 ------- e2df7e3e30211f82b860e1de076ab887
[05-11-2009, 12:29:16] >>  e2df7e3e30211f82b860e1de076ab887 ------- e2df7e3e30211f82b860e1de076ab887
[05-11-2009, 12:29:46] >>  e2df7e3e30211f82b860e1de076ab887 ------- e2df7e3e30211f82b860e1de076ab887
[05-11-2009, 12:30:16] >>  e2df7e3e30211f82b860e1de076ab887 ------- e2df7e3e30211f82b860e1de076ab887
[05-11-2009, 12:30:46] >>  e2df7e3e30211f82b860e1de076ab887 ------- e2df7e3e30211f82b860e1de076ab887
[05-11-2009, 12:31:16] >>  e2df7e3e30211f82b860e1de076ab887 ------- e2df7e3e30211f82b860e1de076ab887
[05-11-2009, 12:31:46] >>  e2df7e3e30211f82b860e1de076ab887 ------- e2df7e3e30211f82b860e1de076ab887
[05-11-2009, 12:32:16] >>  e2df7e3e30211f82b860e1de076ab887 ------- e2df7e3e30211f82b860e1de076ab887
[05-11-2009, 12:32:46] >>  e2df7e3e30211f82b860e1de076ab887 ------- e2df7e3e30211f82b860e1de076ab887
[05-11-2009, 12:33:16] >>  e2df7e3e30211f82b860e1de076ab887 ------- e2df7e3e30211f82b860e1de076ab887
[05-11-2009, 12:33:46] >>  e2df7e3e30211f82b860e1de076ab887 ------- e2df7e3e30211f82b860e1de076ab887
[05-11-2009, 12:34:16] >>  e2df7e3e30211f82b860e1de076ab887 ------- e2df7e3e30211f82b860e1de076ab887
[05-11-2009, 12:34:46] >>  e2df7e3e30211f82b860e1de076ab887 ------- e2df7e3e30211f82b860e1de076ab887
[05-11-2009, 12:35:16] >>  e2df7e3e30211f82b860e1de076ab887 ------- e2df7e3e30211f82b860e1de076ab887
[05-11-2009, 12:35:46] >>  e2df7e3e30211f82b860e1de076ab887 ------- e2df7e3e30211f82b860e1de076ab887
[05-11-2009, 12:36:16] >>  e2df7e3e30211f82b860e1de076ab887 ------- e2df7e3e30211f82b860e1de076ab887
[05-11-2009, 12:36:46] >>  e2df7e3e30211f82b860e1de076ab887 ------- e2df7e3e30211f82b860e1de076ab887
[05-11-2009, 12:37:16] >>  e2df7e3e30211f82b860e1de076ab887 ------- e2df7e3e30211f82b860e1de076ab887
[05-11-2009, 12:37:46] >>  e2df7e3e30211f82b860e1de076ab887 ------- e2df7e3e30211f82b860e1de076ab887
[05-11-2009, 12:38:16] >>  e2df7e3e30211f82b860e1de076ab887 ------- e2df7e3e30211f82b860e1de076ab887
[05-11-2009, 12:38:46] >>  e2df7e3e30211f82b860e1de076ab887 ------- e2df7e3e30211f82b860e1de076ab887
[05-11-2009, 12:39:03] >>  e2df7e3e30211f82b860e1de076ab887 ------- e2df7e3e30211f82b860e1de076ab887
[05-11-2009, 12:39:12] >>  0e108bbb6b9f1351edc69ebcc9c74b4c ------- 0e108bbb6b9f1351edc69ebcc9c74b4c
[05-11-2009, 12:39:22] >>  0e108bbb6b9f1351edc69ebcc9c74b4c ------- 0e108bbb6b9f1351edc69ebcc9c74b4c
[05-11-2009, 12:39:52] >>  0e108bbb6b9f1351edc69ebcc9c74b4c ------- 0e108bbb6b9f1351edc69ebcc9c74b4c
[05-11-2009, 12:40:19] >>  0e108bbb6b9f1351edc69ebcc9c74b4c ------- 0e108bbb6b9f1351edc69ebcc9c74b4c
[05-11-2009, 12:40:22] >>  0e108bbb6b9f1351edc69ebcc9c74b4c ------- 0e108bbb6b9f1351edc69ebcc9c74b4c
[05-11-2009, 12:40:46] >>  e2df7e3e30211f82b860e1de076ab887 ------- e2df7e3e30211f82b860e1de076ab887
[05-11-2009, 12:41:16] >>  e2df7e3e30211f82b860e1de076ab887 ------- e2df7e3e30211f82b860e1de076ab887
[05-11-2009, 12:41:46] >>  e2df7e3e30211f82b860e1de076ab887 ------- e2df7e3e30211f82b860e1de076ab887
[05-11-2009, 12:42:16] >>  e2df7e3e30211f82b860e1de076ab887 ------- e2df7e3e30211f82b860e1de076ab887
[05-11-2009, 12:42:46] >>  e2df7e3e30211f82b860e1de076ab887 ------- e2df7e3e30211f82b860e1de076ab887
[05-11-2009, 12:43:16] >>  e2df7e3e30211f82b860e1de076ab887 ------- e2df7e3e30211f82b860e1de076ab887
[05-11-2009, 12:43:46] >>  e2df7e3e30211f82b860e1de076ab887 ------- e2df7e3e30211f82b860e1de076ab887
[05-11-2009, 12:44:16] >>  e2df7e3e30211f82b860e1de076ab887 ------- e2df7e3e30211f82b860e1de076ab887
[05-11-2009, 12:44:46] >>  e2df7e3e30211f82b860e1de076ab887 ------- e2df7e3e30211f82b860e1de076ab887
[05-11-2009, 12:45:16] >>  e2df7e3e30211f82b860e1de076ab887 ------- e2df7e3e30211f82b860e1de076ab887
[05-11-2009, 12:45:46] >>  e2df7e3e30211f82b860e1de076ab887 ------- e2df7e3e30211f82b860e1de076ab887
[05-11-2009, 12:46:16] >>  e2df7e3e30211f82b860e1de076ab887 ------- e2df7e3e30211f82b860e1de076ab887
[05-11-2009, 12:46:46] >>  e2df7e3e30211f82b860e1de076ab887 ------- e2df7e3e30211f82b860e1de076ab887
[05-11-2009, 12:47:16] >>  e2df7e3e30211f82b860e1de076ab887 ------- e2df7e3e30211f82b860e1de076ab887
[05-11-2009, 12:47:46] >>  e2df7e3e30211f82b860e1de076ab887 ------- e2df7e3e30211f82b860e1de076ab887
[05-11-2009, 12:48:16] >>  e2df7e3e30211f82b860e1de076ab887 ------- e2df7e3e30211f82b860e1de076ab887
[05-11-2009, 12:48:46] >>  e2df7e3e30211f82b860e1de076ab887 ------- e2df7e3e30211f82b860e1de076ab887
[05-11-2009, 12:49:29] >>  a30c77d2920e5047db61473c6b150e9b ------- a30c77d2920e5047db61473c6b150e9b
[05-11-2009, 12:49:59] >>  a30c77d2920e5047db61473c6b150e9b ------- a30c77d2920e5047db61473c6b150e9b
[05-11-2009, 12:50:29] >>  a30c77d2920e5047db61473c6b150e9b ------- a30c77d2920e5047db61473c6b150e9b
[05-11-2009, 12:50:59] >>  a30c77d2920e5047db61473c6b150e9b ------- a30c77d2920e5047db61473c6b150e9b
[05-11-2009, 12:51:29] >>  a30c77d2920e5047db61473c6b150e9b ------- a30c77d2920e5047db61473c6b150e9b
[05-11-2009, 12:51:59] >>  a30c77d2920e5047db61473c6b150e9b ------- a30c77d2920e5047db61473c6b150e9b
[05-11-2009, 12:52:28] >>  a30c77d2920e5047db61473c6b150e9b ------- a30c77d2920e5047db61473c6b150e9b
[05-11-2009, 12:52:59] >>  a30c77d2920e5047db61473c6b150e9b ------- a30c77d2920e5047db61473c6b150e9b
[05-11-2009, 12:53:29] >>  a30c77d2920e5047db61473c6b150e9b ------- a30c77d2920e5047db61473c6b150e9b
[05-11-2009, 12:53:59] >>  a30c77d2920e5047db61473c6b150e9b ------- a30c77d2920e5047db61473c6b150e9b
[05-11-2009, 12:54:28] >>  a30c77d2920e5047db61473c6b150e9b ------- a30c77d2920e5047db61473c6b150e9b
[05-11-2009, 12:54:59] >>  a30c77d2920e5047db61473c6b150e9b ------- a30c77d2920e5047db61473c6b150e9b
[05-11-2009, 12:55:29] >>  a30c77d2920e5047db61473c6b150e9b ------- a30c77d2920e5047db61473c6b150e9b
[05-11-2009, 12:55:59] >>  a30c77d2920e5047db61473c6b150e9b ------- a30c77d2920e5047db61473c6b150e9b
[05-11-2009, 12:56:29] >>  a30c77d2920e5047db61473c6b150e9b ------- a30c77d2920e5047db61473c6b150e9b
[05-11-2009, 12:56:59] >>  a30c77d2920e5047db61473c6b150e9b ------- a30c77d2920e5047db61473c6b150e9b
[05-11-2009, 12:57:29] >>  a30c77d2920e5047db61473c6b150e9b ------- a30c77d2920e5047db61473c6b150e9b
[05-11-2009, 12:57:59] >>  a30c77d2920e5047db61473c6b150e9b ------- a30c77d2920e5047db61473c6b150e9b
[05-11-2009, 12:58:29] >>  a30c77d2920e5047db61473c6b150e9b ------- a30c77d2920e5047db61473c6b150e9b
[05-11-2009, 12:58:59] >>  a30c77d2920e5047db61473c6b150e9b ------- a30c77d2920e5047db61473c6b150e9b
[05-11-2009, 12:59:29] >>  a30c77d2920e5047db61473c6b150e9b ------- a30c77d2920e5047db61473c6b150e9b
[05-11-2009, 12:59:59] >>  a30c77d2920e5047db61473c6b150e9b ------- a30c77d2920e5047db61473c6b150e9b
[05-11-2009, 13:00:29] >>  a30c77d2920e5047db61473c6b150e9b ------- a30c77d2920e5047db61473c6b150e9b
[05-11-2009, 13:00:59] >>  a30c77d2920e5047db61473c6b150e9b ------- a30c77d2920e5047db61473c6b150e9b
[05-11-2009, 13:01:29] >>  a30c77d2920e5047db61473c6b150e9b ------- a30c77d2920e5047db61473c6b150e9b
[05-11-2009, 13:01:59] >>  a30c77d2920e5047db61473c6b150e9b ------- a30c77d2920e5047db61473c6b150e9b
[05-11-2009, 13:02:29] >>  a30c77d2920e5047db61473c6b150e9b ------- a30c77d2920e5047db61473c6b150e9b
[05-11-2009, 13:02:59] >>  a30c77d2920e5047db61473c6b150e9b ------- a30c77d2920e5047db61473c6b150e9b
[05-11-2009, 13:03:29] >>  a30c77d2920e5047db61473c6b150e9b ------- a30c77d2920e5047db61473c6b150e9b
[05-11-2009, 13:03:59] >>  a30c77d2920e5047db61473c6b150e9b ------- a30c77d2920e5047db61473c6b150e9b
[05-11-2009, 13:04:29] >>  a30c77d2920e5047db61473c6b150e9b ------- a30c77d2920e5047db61473c6b150e9b
[05-11-2009, 13:04:59] >>  a30c77d2920e5047db61473c6b150e9b ------- a30c77d2920e5047db61473c6b150e9b
[05-11-2009, 13:05:29] >>  a30c77d2920e5047db61473c6b150e9b ------- a30c77d2920e5047db61473c6b150e9b
[05-11-2009, 13:05:59] >>  a30c77d2920e5047db61473c6b150e9b ------- a30c77d2920e5047db61473c6b150e9b
[05-11-2009, 13:06:29] >>  a30c77d2920e5047db61473c6b150e9b ------- a30c77d2920e5047db61473c6b150e9b
[05-11-2009, 13:06:59] >>  a30c77d2920e5047db61473c6b150e9b ------- a30c77d2920e5047db61473c6b150e9b
[05-11-2009, 13:07:29] >>  a30c77d2920e5047db61473c6b150e9b ------- a30c77d2920e5047db61473c6b150e9b
[05-11-2009, 13:07:59] >>  a30c77d2920e5047db61473c6b150e9b ------- a30c77d2920e5047db61473c6b150e9b
[05-11-2009, 13:08:29] >>  a30c77d2920e5047db61473c6b150e9b ------- a30c77d2920e5047db61473c6b150e9b
[05-11-2009, 13:08:59] >>  a30c77d2920e5047db61473c6b150e9b ------- a30c77d2920e5047db61473c6b150e9b
[05-11-2009, 13:09:29] >>  a30c77d2920e5047db61473c6b150e9b ------- a30c77d2920e5047db61473c6b150e9b
[05-11-2009, 13:09:59] >>  a30c77d2920e5047db61473c6b150e9b ------- a30c77d2920e5047db61473c6b150e9b
[05-11-2009, 13:10:29] >>  a30c77d2920e5047db61473c6b150e9b ------- a30c77d2920e5047db61473c6b150e9b
[05-11-2009, 13:10:59] >>  a30c77d2920e5047db61473c6b150e9b ------- a30c77d2920e5047db61473c6b150e9b
[05-11-2009, 13:11:29] >>  a30c77d2920e5047db61473c6b150e9b ------- a30c77d2920e5047db61473c6b150e9b
[05-11-2009, 13:11:59] >>  a30c77d2920e5047db61473c6b150e9b ------- a30c77d2920e5047db61473c6b150e9b
[05-11-2009, 13:12:29] >>  a30c77d2920e5047db61473c6b150e9b ------- a30c77d2920e5047db61473c6b150e9b
[05-11-2009, 13:12:59] >>  a30c77d2920e5047db61473c6b150e9b ------- a30c77d2920e5047db61473c6b150e9b
[05-11-2009, 13:13:29] >>  a30c77d2920e5047db61473c6b150e9b ------- a30c77d2920e5047db61473c6b150e9b
[05-11-2009, 13:13:59] >>  a30c77d2920e5047db61473c6b150e9b ------- a30c77d2920e5047db61473c6b150e9b
[05-11-2009, 13:14:29] >>  a30c77d2920e5047db61473c6b150e9b ------- a30c77d2920e5047db61473c6b150e9b
[05-11-2009, 13:14:59] >>  a30c77d2920e5047db61473c6b150e9b ------- a30c77d2920e5047db61473c6b150e9b
[05-11-2009, 13:15:29] >>  a30c77d2920e5047db61473c6b150e9b ------- a30c77d2920e5047db61473c6b150e9b
[05-11-2009, 13:15:59] >>  a30c77d2920e5047db61473c6b150e9b ------- a30c77d2920e5047db61473c6b150e9b
[05-11-2009, 13:16:29] >>  a30c77d2920e5047db61473c6b150e9b ------- a30c77d2920e5047db61473c6b150e9b
[05-11-2009, 13:16:59] >>  a30c77d2920e5047db61473c6b150e9b ------- a30c77d2920e5047db61473c6b150e9b
[05-11-2009, 13:17:29] >>  a30c77d2920e5047db61473c6b150e9b ------- a30c77d2920e5047db61473c6b150e9b
[05-11-2009, 13:17:59] >>  a30c77d2920e5047db61473c6b150e9b ------- a30c77d2920e5047db61473c6b150e9b
[05-11-2009, 13:18:29] >>  a30c77d2920e5047db61473c6b150e9b ------- a30c77d2920e5047db61473c6b150e9b
[05-11-2009, 13:18:59] >>  a30c77d2920e5047db61473c6b150e9b ------- a30c77d2920e5047db61473c6b150e9b
[05-11-2009, 13:19:29] >>  a30c77d2920e5047db61473c6b150e9b ------- a30c77d2920e5047db61473c6b150e9b
[05-11-2009, 13:19:59] >>  a30c77d2920e5047db61473c6b150e9b ------- a30c77d2920e5047db61473c6b150e9b
[05-11-2009, 13:20:29] >>  a30c77d2920e5047db61473c6b150e9b ------- a30c77d2920e5047db61473c6b150e9b
[05-11-2009, 13:20:59] >>  a30c77d2920e5047db61473c6b150e9b ------- a30c77d2920e5047db61473c6b150e9b
[05-11-2009, 13:21:29] >>  a30c77d2920e5047db61473c6b150e9b ------- a30c77d2920e5047db61473c6b150e9b
[05-11-2009, 13:21:59] >>  a30c77d2920e5047db61473c6b150e9b ------- a30c77d2920e5047db61473c6b150e9b
[05-11-2009, 13:22:29] >>  a30c77d2920e5047db61473c6b150e9b ------- a30c77d2920e5047db61473c6b150e9b
[05-11-2009, 13:22:59] >>  a30c77d2920e5047db61473c6b150e9b ------- a30c77d2920e5047db61473c6b150e9b
[05-11-2009, 13:23:29] >>  a30c77d2920e5047db61473c6b150e9b ------- a30c77d2920e5047db61473c6b150e9b
[05-11-2009, 13:23:59] >>  a30c77d2920e5047db61473c6b150e9b ------- a30c77d2920e5047db61473c6b150e9b
[05-11-2009, 13:24:29] >>  a30c77d2920e5047db61473c6b150e9b ------- a30c77d2920e5047db61473c6b150e9b
[05-11-2009, 13:24:59] >>  a30c77d2920e5047db61473c6b150e9b ------- a30c77d2920e5047db61473c6b150e9b
[05-11-2009, 13:25:29] >>  a30c77d2920e5047db61473c6b150e9b ------- a30c77d2920e5047db61473c6b150e9b
[05-11-2009, 13:25:59] >>  a30c77d2920e5047db61473c6b150e9b ------- a30c77d2920e5047db61473c6b150e9b
[05-11-2009, 13:26:29] >>  a30c77d2920e5047db61473c6b150e9b ------- a30c77d2920e5047db61473c6b150e9b
[05-11-2009, 13:26:59] >>  a30c77d2920e5047db61473c6b150e9b ------- a30c77d2920e5047db61473c6b150e9b
[05-11-2009, 13:27:29] >>  a30c77d2920e5047db61473c6b150e9b ------- a30c77d2920e5047db61473c6b150e9b
[05-11-2009, 13:27:59] >>  a30c77d2920e5047db61473c6b150e9b ------- a30c77d2920e5047db61473c6b150e9b
[05-11-2009, 13:28:29] >>  a30c77d2920e5047db61473c6b150e9b ------- a30c77d2920e5047db61473c6b150e9b
[05-11-2009, 13:28:59] >>  a30c77d2920e5047db61473c6b150e9b ------- a30c77d2920e5047db61473c6b150e9b
[05-11-2009, 13:29:29] >>  a30c77d2920e5047db61473c6b150e9b ------- a30c77d2920e5047db61473c6b150e9b
[05-11-2009, 13:29:59] >>  a30c77d2920e5047db61473c6b150e9b ------- a30c77d2920e5047db61473c6b150e9b
[05-11-2009, 13:30:29] >>  a30c77d2920e5047db61473c6b150e9b ------- a30c77d2920e5047db61473c6b150e9b
[05-11-2009, 13:30:59] >>  a30c77d2920e5047db61473c6b150e9b ------- a30c77d2920e5047db61473c6b150e9b
[05-11-2009, 13:31:29] >>  a30c77d2920e5047db61473c6b150e9b ------- a30c77d2920e5047db61473c6b150e9b
[05-11-2009, 19:17:27] >>  a30c77d2920e5047db61473c6b150e9b ------- a30c77d2920e5047db61473c6b150e9b
[05-11-2009, 19:17:56] >>  a30c77d2920e5047db61473c6b150e9b ------- a30c77d2920e5047db61473c6b150e9b
[05-11-2009, 19:18:26] >>  a30c77d2920e5047db61473c6b150e9b ------- a30c77d2920e5047db61473c6b150e9b
[05-11-2009, 19:18:56] >>  a30c77d2920e5047db61473c6b150e9b ------- a30c77d2920e5047db61473c6b150e9b
[05-11-2009, 19:19:26] >>  a30c77d2920e5047db61473c6b150e9b ------- a30c77d2920e5047db61473c6b150e9b
[05-11-2009, 19:19:56] >>  a30c77d2920e5047db61473c6b150e9b ------- a30c77d2920e5047db61473c6b150e9b
[05-11-2009, 19:20:26] >>  a30c77d2920e5047db61473c6b150e9b ------- a30c77d2920e5047db61473c6b150e9b
[05-11-2009, 19:20:56] >>  a30c77d2920e5047db61473c6b150e9b ------- a30c77d2920e5047db61473c6b150e9b
[05-11-2009, 19:21:26] >>  a30c77d2920e5047db61473c6b150e9b ------- a30c77d2920e5047db61473c6b150e9b
[05-11-2009, 19:21:56] >>  a30c77d2920e5047db61473c6b150e9b ------- a30c77d2920e5047db61473c6b150e9b
[05-11-2009, 19:22:27] >>  a30c77d2920e5047db61473c6b150e9b ------- a30c77d2920e5047db61473c6b150e9b
[05-11-2009, 19:22:27] >>  a30c77d2920e5047db61473c6b150e9b ------- a30c77d2920e5047db61473c6b150e9b
[05-11-2009, 19:23:26] >>  a30c77d2920e5047db61473c6b150e9b ------- a30c77d2920e5047db61473c6b150e9b
[05-11-2009, 19:23:58] >>  a30c77d2920e5047db61473c6b150e9b ------- a30c77d2920e5047db61473c6b150e9b
[05-11-2009, 19:24:25] >>  a30c77d2920e5047db61473c6b150e9b ------- a30c77d2920e5047db61473c6b150e9b
[05-11-2009, 19:24:58] >>  a30c77d2920e5047db61473c6b150e9b ------- a30c77d2920e5047db61473c6b150e9b
[05-11-2009, 19:25:27] >>  a30c77d2920e5047db61473c6b150e9b ------- a30c77d2920e5047db61473c6b150e9b
[05-11-2009, 19:25:54] >>  a30c77d2920e5047db61473c6b150e9b ------- a30c77d2920e5047db61473c6b150e9b
[05-11-2009, 19:26:27] >>  a30c77d2920e5047db61473c6b150e9b ------- a30c77d2920e5047db61473c6b150e9b
[05-11-2009, 20:19:54] >>  a30c77d2920e5047db61473c6b150e9b ------- a30c77d2920e5047db61473c6b150e9b
[05-11-2009, 20:20:22] >>  a30c77d2920e5047db61473c6b150e9b ------- a30c77d2920e5047db61473c6b150e9b
[05-11-2009, 20:20:50] >>  a30c77d2920e5047db61473c6b150e9b ------- a30c77d2920e5047db61473c6b150e9b
[05-11-2009, 20:21:21] >>  a30c77d2920e5047db61473c6b150e9b ------- a30c77d2920e5047db61473c6b150e9b
[05-11-2009, 20:21:51] >>  a30c77d2920e5047db61473c6b150e9b ------- a30c77d2920e5047db61473c6b150e9b
[05-11-2009, 20:22:19] >>  a30c77d2920e5047db61473c6b150e9b ------- a30c77d2920e5047db61473c6b150e9b
[05-11-2009, 20:22:49] >>  a30c77d2920e5047db61473c6b150e9b ------- a30c77d2920e5047db61473c6b150e9b
[05-11-2009, 20:23:19] >>  a30c77d2920e5047db61473c6b150e9b ------- a30c77d2920e5047db61473c6b150e9b
[10-11-2009, 15:21:12] >>  Deleting file: ../projects/garbarino/folder0/PHPFile.class.php filetodel garbarino/folder0/PHPFile.class.php
[12-11-2009, 17:23:19] >>  Deleting file: ../projects/garbarino/bbbb/UI.php filetodel garbarino/bbbb/UI.php
[16-11-2009, 08:11:36] >>  Deleting file: ../projects/example04/datasync-alltables.xml filetodel example04/datasync-alltables.xml
[16-11-2009, 16:27:19] >>  Deleting file: ../projects/example03/php/PHPFile2.php2 filetodel example03/php/PHPFile2.php2
[16-11-2009, 16:27:32] >>  Deleting file: ../projects/example03/php/PHPFile2.php filetodel example03/php/PHPFile2.php
[25-11-2009, 18:53:49] >>  Deleting file: ../projects/garbarino/php/empty_file.borrar filetodel garbarino/php/empty_file.borrar
[28-01-2010, 09:12:12] >>  -- Connecting to localhost...
-- Retrieving table structure for table kb...
-- Sending SELECT query...
-- Retrieving rows...
-- Retrieving table structure for table lenguajes...
-- Sending SELECT query...
-- Retrieving rows...
-- Retrieving table structure for table log_auditoria...
-- Sending SELECT query...
-- Retrieving rows...
-- Retrieving table structure for table logs...
-- Sending SELECT query...
-- Retrieving rows...
-- Retrieving table structure for table paises...
-- Sending SELECT query...
-- Retrieving rows...
-- Retrieving table structure for table preferencias...
-- Sending SELECT query...
-- Retrieving rows...
-- Retrieving table structure for table proyectos...
-- Sending SELECT query...
-- Retrieving rows...
-- Retrieving table structure for table roles...
-- Sending SELECT query...
-- Retrieving rows...
-- Retrieving table structure for table sesiones...
-- Sending SELECT query...
-- Retrieving rows...
-- Retrieving table structure for table sesiones_archivos...
-- Sending SELECT query...
-- Retrieving rows...
-- Retrieving table structure for table usuarios...
-- Sending SELECT query...
-- Retrieving rows...
-- Retrieving table structure for table usuarios_x_proyecto...
-- Sending SELECT query...
-- Retrieving rows...
-- Disconnecting from localhost...

[28-01-2010, 09:12:12] >>  
-------------------------

[28-01-2010, 09:12:12] >>  mysqldump  gurski --verbose -u plus -pcase >  gurski_dump.sql
[28-01-2010, 09:12:32] >>  -- Connecting to localhost...
-- Retrieving table structure for table kb...
-- Sending SELECT query...
-- Retrieving rows...
-- Retrieving table structure for table lenguajes...
-- Sending SELECT query...
-- Retrieving rows...
-- Retrieving table structure for table log_auditoria...
-- Sending SELECT query...
-- Retrieving rows...
-- Retrieving table structure for table logs...
-- Sending SELECT query...
-- Retrieving rows...
-- Retrieving table structure for table paises...
-- Sending SELECT query...
-- Retrieving rows...
-- Retrieving table structure for table preferencias...
-- Sending SELECT query...
-- Retrieving rows...
-- Retrieving table structure for table proyectos...
-- Sending SELECT query...
-- Retrieving rows...
-- Retrieving table structure for table roles...
-- Sending SELECT query...
-- Retrieving rows...
-- Retrieving table structure for table sesiones...
-- Sending SELECT query...
-- Retrieving rows...
-- Retrieving table structure for table sesiones_archivos...
-- Sending SELECT query...
-- Retrieving rows...
-- Retrieving table structure for table usuarios...
-- Sending SELECT query...
-- Retrieving rows...
-- Retrieving table structure for table usuarios_x_proyecto...
-- Sending SELECT query...
-- Retrieving rows...
-- Disconnecting from localhost...

[28-01-2010, 09:12:32] >>  
-------------------------

[28-01-2010, 09:12:32] >>  mysqldump  gurski --verbose -u plus -pcase >  gurski_dump.sql
[10-05-2010, 19:41:31] >>  -- Connecting to localhost...
-- Retrieving table structure for table kb...
-- Sending SELECT query...
-- Retrieving rows...
-- Retrieving table structure for table lenguajes...
-- Sending SELECT query...
-- Retrieving rows...
-- Retrieving table structure for table log_auditoria...
-- Sending SELECT query...
-- Retrieving rows...
-- Retrieving table structure for table logs...
-- Sending SELECT query...
-- Retrieving rows...
-- Retrieving table structure for table paises...
-- Sending SELECT query...
-- Retrieving rows...
-- Retrieving table structure for table preferencias...
-- Sending SELECT query...
-- Retrieving rows...
-- Retrieving table structure for table proyectos...
-- Sending SELECT query...
-- Retrieving rows...
-- Retrieving table structure for table roles...
-- Sending SELECT query...
-- Retrieving rows...
-- Retrieving table structure for table sesiones...
-- Sending SELECT query...
-- Retrieving rows...
-- Retrieving table structure for table sesiones_archivos...
-- Sending SELECT query...
-- Retrieving rows...
-- Retrieving table structure for table usuarios...
-- Sending SELECT query...
-- Retrieving rows...
-- Retrieving table structure for table usuarios_x_proyecto...
-- Sending SELECT query...
-- Retrieving rows...
-- Disconnecting from localhost...

[10-05-2010, 19:41:31] >>  
-------------------------

[10-05-2010, 19:41:31] >>  mysqldump  gurski --verbose -u plus -pcase >  gurski_dump.sql
[11-06-2010, 23:41:31] >>  -- Connecting to localhost...
-- Retrieving table structure for table kb...
-- Sending SELECT query...
-- Retrieving rows...
-- Retrieving table structure for table lenguajes...
-- Sending SELECT query...
-- Retrieving rows...
-- Retrieving table structure for table log_auditoria...
-- Sending SELECT query...
-- Retrieving rows...
-- Retrieving table structure for table logs...
-- Sending SELECT query...
-- Retrieving rows...
-- Retrieving table structure for table paises...
-- Sending SELECT query...
-- Retrieving rows...
-- Retrieving table structure for table preferencias...
-- Sending SELECT query...
-- Retrieving rows...
-- Retrieving table structure for table proyectos...
-- Sending SELECT query...
-- Retrieving rows...
-- Retrieving table structure for table roles...
-- Sending SELECT query...
-- Retrieving rows...
-- Retrieving table structure for table sesiones...
-- Sending SELECT query...
-- Retrieving rows...
-- Retrieving table structure for table sesiones_archivos...
-- Sending SELECT query...
-- Retrieving rows...
-- Retrieving table structure for table usuarios...
-- Sending SELECT query...
-- Retrieving rows...
-- Retrieving table structure for table usuarios_x_proyecto...
-- Sending SELECT query...
-- Retrieving rows...
-- Disconnecting from localhost...

[11-06-2010, 23:41:31] >>  
-------------------------

[11-06-2010, 23:41:31] >>  mysqldump  gurski --verbose -u plus -pcase >  gurski_dump.sql
[11-06-2010, 23:45:46] >>  -- Connecting to localhost...
-- Retrieving table structure for table kb...
-- Sending SELECT query...
-- Retrieving rows...
-- Retrieving table structure for table lenguajes...
-- Sending SELECT query...
-- Retrieving rows...
-- Retrieving table structure for table log_auditoria...
-- Sending SELECT query...
-- Retrieving rows...
-- Retrieving table structure for table logs...
-- Sending SELECT query...
-- Retrieving rows...
-- Retrieving table structure for table paises...
-- Sending SELECT query...
-- Retrieving rows...
-- Retrieving table structure for table preferencias...
-- Sending SELECT query...
-- Retrieving rows...
-- Retrieving table structure for table proyectos...
-- Sending SELECT query...
-- Retrieving rows...
-- Retrieving table structure for table roles...
-- Sending SELECT query...
-- Retrieving rows...
-- Retrieving table structure for table sesiones...
-- Sending SELECT query...
-- Retrieving rows...
-- Retrieving table structure for table sesiones_archivos...
-- Sending SELECT query...
-- Retrieving rows...
-- Retrieving table structure for table usuarios...
-- Sending SELECT query...
-- Retrieving rows...
-- Retrieving table structure for table usuarios_x_proyecto...
-- Sending SELECT query...
-- Retrieving rows...
-- Disconnecting from localhost...

[11-06-2010, 23:45:46] >>  
-------------------------

[11-06-2010, 23:45:46] >>  mysqldump  gurski --verbose -u plus -pcase >  gurski_dump.sql
